<?xml version="1.0" encoding="UTF-8"?>
<!-- Generated by org.testng.reporters.JUnitReportReporter -->
<testsuite hostname="DESKTOP-L5MS5A2" failures="0" tests="1" name="pack1.Test1" time="16.635" errors="0" timestamp="2022-05-19T16:03:01 IST" skipped="0">
  <testcase classname="pack1.Test1" name="OpenBrowser" time="16.635"/>
  <system-out/>
</testsuite> <!-- pack1.Test1 -->
