<?xml version="1.0" encoding="UTF-8"?>
<!-- Generated by org.testng.reporters.JUnitReportReporter -->
<testsuite hostname="DESKTOP-L5MS5A2" failures="0" tests="1" name="pack1.Test1" time="17.008" errors="0" timestamp="2022-05-19T19:13:11 IST" skipped="0">
  <testcase classname="pack1.Test1" name="OpenBrowser" time="17.008"/>
  <system-out/>
</testsuite> <!-- pack1.Test1 -->
